<?xml version="1.0" encoding="UTF-8"?>
<testng-results ignored="0" total="1" passed="1" failed="0" skipped="0">
  <reporter-output>
  </reporter-output>
  <suite started-at="2024-10-23T23:08:29 CEST" name="Suite" finished-at="2024-10-23T23:08:35 CEST" duration-ms="6805">
    <groups>
    </groups>
    <test started-at="2024-10-23T23:08:29 CEST" name="Test" finished-at="2024-10-23T23:08:35 CEST" duration-ms="6805">
      <class name="testCases.FileUploadDemo2">
        <test-method is-config="true" signature="setup()[pri:0, instance:testCases.FileUploadDemo2@34123d65]" started-at="2024-10-23T23:08:29 CEST" name="setup" finished-at="2024-10-23T23:08:34 CEST" duration-ms="4892" status="PASS">
          <reporter-output>
          </reporter-output>
        </test-method> <!-- setup -->
        <test-method signature="fileUploadTest()[pri:0, instance:testCases.FileUploadDemo2@34123d65]" started-at="2024-10-23T23:08:34 CEST" name="fileUploadTest" finished-at="2024-10-23T23:08:35 CEST" duration-ms="787" status="PASS">
          <reporter-output>
          </reporter-output>
        </test-method> <!-- fileUploadTest -->
        <test-method is-config="true" signature="tearDown()[pri:0, instance:testCases.FileUploadDemo2@34123d65]" started-at="2024-10-23T23:08:35 CEST" name="tearDown" finished-at="2024-10-23T23:08:35 CEST" duration-ms="975" status="PASS">
          <reporter-output>
          </reporter-output>
        </test-method> <!-- tearDown -->
      </class> <!-- testCases.FileUploadDemo2 -->
    </test> <!-- Test -->
  </suite> <!-- Suite -->
</testng-results>
